// Opening Ice Core

Pentium Pro processor detected.
FPU detected.
MMX detected.
RDTSC supported.
CMOV supported.
FCOMI supported.
Little endian machine.
Approximate processor frequency = 1735.02 MHz
OS: 5.1.2600 - Additional info: Service Pack 1 - Windows NT detected.
12/29/03
09:14:30
Driver version: 16384
Width: 1280
Height: 960
BPP: 32
Registering API: IceCore
// Opening Ice Maths

Registering API: IceMaths
// Opening Ice ImageWork

Registering interface: PicLoader
Registering interface: PicLoader
Registering interface: PicLoader
// Opening Ice Meshmerizer

// Closing Ice Meshmerizer

Removing interface: PicLoader
Removing interface: PicLoader
Removing interface: PicLoader
// Closing Ice ImageWork

// Closing Ice Maths

// Closing Ice Core

52 bytes used by the notification system.
0 entries left in kernel (max = 1), 124 bytes used by ref-tracking.
Discarding 0 plugins...
Removing all interfaces...
0 registered dynamic identifiers.
0 flushed messages.
0 flushed errors.
Trash buffer size: 0 bytes
